[INFO] Scanning for projects...
[INFO] 
[INFO] ----------------< io.gatling:gatling-maven-plugin-demo >----------------
[INFO] Building gatling-maven-plugin-demo 3.0.3
[INFO] --------------------------------[ jar ]---------------------------------
[INFO] 
[INFO] --- gatling-maven-plugin:3.0.1:test (default-cli) @ gatling-maven-plugin-demo ---
14:19:34.144 [ERROR] i.g.c.ZincCompiler$ - F:\Gatling\src\test\scala\testcases\TC02.scala:15:24: could not find implicit value for evidence parameter of type io.gatling.core.controller.inject.InjectionProfileFactory[io.gatling.core.Predef.RampBuilder]
    scCreateTask.inject(rampUsers(10)),
                       ^
14:19:34.176 [ERROR] i.g.c.ZincCompiler$ - one error found
14:19:34.182 [ERROR] i.g.c.ZincCompiler$ - Compilation crashed
sbt.internal.inc.CompileFailed: null
	at sbt.internal.inc.AnalyzingCompiler.call(AnalyzingCompiler.scala:242)
	at sbt.internal.inc.AnalyzingCompiler.compile(AnalyzingCompiler.scala:111)
	at sbt.internal.inc.AnalyzingCompiler.compile(AnalyzingCompiler.scala:90)
	at sbt.internal.inc.MixedAnalyzingCompiler.$anonfun$compile$3(MixedAnalyzingCompiler.scala:82)
	at scala.runtime.java8.JFunction0$mcV$sp.apply(JFunction0$mcV$sp.java:23)
	at sbt.internal.inc.MixedAnalyzingCompiler.timed(MixedAnalyzingCompiler.scala:133)
	at sbt.internal.inc.MixedAnalyzingCompiler.compileScala$1(MixedAnalyzingCompiler.scala:73)
	at sbt.internal.inc.MixedAnalyzingCompiler.compile(MixedAnalyzingCompiler.scala:116)
	at sbt.internal.inc.IncrementalCompilerImpl.$anonfun$compileInternal$1(IncrementalCompilerImpl.scala:307)
	at sbt.internal.inc.IncrementalCompilerImpl.$anonfun$compileInternal$1$adapted(IncrementalCompilerImpl.scala:307)
	at sbt.internal.inc.Incremental$.doCompile(Incremental.scala:106)
	at sbt.internal.inc.Incremental$.$anonfun$compile$4(Incremental.scala:87)
	at sbt.internal.inc.IncrementalCommon.recompileClasses(IncrementalCommon.scala:116)
	at sbt.internal.inc.IncrementalCommon.cycle(IncrementalCommon.scala:63)
	at sbt.internal.inc.Incremental$.$anonfun$compile$3(Incremental.scala:89)
	at sbt.internal.inc.Incremental$.manageClassfiles(Incremental.scala:134)
	at sbt.internal.inc.Incremental$.compile(Incremental.scala:80)
	at sbt.internal.inc.IncrementalCompile$.apply(Compile.scala:67)
	at sbt.internal.inc.IncrementalCompilerImpl.compileInternal(IncrementalCompilerImpl.scala:311)
	at sbt.internal.inc.IncrementalCompilerImpl.$anonfun$compileIncrementally$1(IncrementalCompilerImpl.scala:269)
	at sbt.internal.inc.IncrementalCompilerImpl.handleCompilationError(IncrementalCompilerImpl.scala:159)
	at sbt.internal.inc.IncrementalCompilerImpl.compileIncrementally(IncrementalCompilerImpl.scala:238)
	at sbt.internal.inc.IncrementalCompilerImpl.compile(IncrementalCompilerImpl.scala:69)
	at io.gatling.compiler.ZincCompiler$.doCompile(ZincCompiler.scala:210)
	at io.gatling.compiler.ZincCompiler$.delayedEndpoint$io$gatling$compiler$ZincCompiler$1(ZincCompiler.scala:215)
	at io.gatling.compiler.ZincCompiler$delayedInit$body.apply(ZincCompiler.scala:39)
	at scala.Function0.apply$mcV$sp(Function0.scala:39)
	at scala.Function0.apply$mcV$sp$(Function0.scala:39)
	at scala.runtime.AbstractFunction0.apply$mcV$sp(AbstractFunction0.scala:17)
	at scala.App.$anonfun$main$1$adapted(App.scala:80)
	at scala.collection.immutable.List.foreach(List.scala:392)
	at scala.App.main(App.scala:80)
	at scala.App.main$(App.scala:78)
	at io.gatling.compiler.ZincCompiler$.main(ZincCompiler.scala:39)
	at io.gatling.compiler.ZincCompiler.main(ZincCompiler.scala)
	at sun.reflect.NativeMethodAccessorImpl.invoke0(Native Method)
	at sun.reflect.NativeMethodAccessorImpl.invoke(NativeMethodAccessorImpl.java:62)
	at sun.reflect.DelegatingMethodAccessorImpl.invoke(DelegatingMethodAccessorImpl.java:43)
	at java.lang.reflect.Method.invoke(Method.java:498)
	at io.gatling.mojo.MainWithArgsInFile.runMain(MainWithArgsInFile.java:50)
	at io.gatling.mojo.MainWithArgsInFile.main(MainWithArgsInFile.java:33)
[INFO] ------------------------------------------------------------------------
[INFO] BUILD FAILURE
[INFO] ------------------------------------------------------------------------
[INFO] Total time:  13.471 s
[INFO] Finished at: 2019-02-01T14:19:34+05:30
[INFO] ------------------------------------------------------------------------
[ERROR] Failed to execute goal io.gatling:gatling-maven-plugin:3.0.1:test (default-cli) on project gatling-maven-plugin-demo: Gatling failed.: Simulations compilation failed. Process exited with an error: 1 (Exit value: 1) -> [Help 1]
[ERROR] 
[ERROR] To see the full stack trace of the errors, re-run Maven with the -e switch.
[ERROR] Re-run Maven using the -X switch to enable full debug logging.
[ERROR] 
[ERROR] For more information about the errors and possible solutions, please read the following articles:
[ERROR] [Help 1] http://cwiki.apache.org/confluence/display/MAVEN/MojoExecutionException
